2024-04-10 07:40:40.622 INFO  (main) [c: s: r: x: t:] o.e.j.s.Server jetty-10.0.19; built: 2023-12-15T20:38:32.477Z; git: 8492d1c78f122bb30cce20aecfa07e7283facd47; jvm 17.0.1+12-LTS-39
2024-04-10 07:40:41.195 WARN  (main) [c: s: r: x: t:] o.e.j.u.DeprecationWarning Using @Deprecated Class org.eclipse.jetty.servlet.listener.ELContextCleaner
2024-04-10 07:40:41.245 INFO  (main) [c: s: r: x: t:] o.a.s.s.CoreContainerProvider Using logger factory org.apache.logging.slf4j.Log4jLoggerFactory
2024-04-10 07:40:41.259 INFO  (main) [c: s: r: x: t:] o.a.s.s.CoreContainerProvider  ___      _       Welcome to Apache Solr™ version 9.5.0
2024-04-10 07:40:41.259 INFO  (main) [c: s: r: x: t:] o.a.s.s.CoreContainerProvider / __| ___| |_ _   Starting in standalone mode on port 8983
2024-04-10 07:40:41.260 INFO  (main) [c: s: r: x: t:] o.a.s.s.CoreContainerProvider \__ \/ _ \ | '_|  Install dir: /Users/copseatingdonuts/solr-9.5.0
2024-04-10 07:40:41.260 INFO  (main) [c: s: r: x: t:] o.a.s.s.CoreContainerProvider |___/\___/_|_|    Start time: 2024-04-10T07:40:41.260296Z
2024-04-10 07:40:41.266 INFO  (main) [c: s: r: x: t:] o.a.s.s.CoreContainerProvider Solr started with "-XX:+CrashOnOutOfMemoryError" that will crash on any OutOfMemoryError exception. The cause of the OOME will be logged in the crash file at the following path: /Users/copseatingdonuts/solr-9.5.0/example/techproducts/solr/../logs/jvm_crash_36930.log
2024-04-10 07:40:41.328 INFO  (main) [c: s: r: x: t:] o.a.s.s.CoreContainerProvider Solr Home: /Users/copseatingdonuts/solr-9.5.0/example/techproducts/solr (source: system property: solr.solr.home)
2024-04-10 07:40:41.367 INFO  (main) [c: s: r: x: t:] o.a.s.c.SolrXmlConfig Loading solr.xml from /Users/copseatingdonuts/solr-9.5.0/example/techproducts/solr/solr.xml
2024-04-10 07:40:41.444 INFO  (main) [c: s: r: x: t:] o.a.s.c.SolrResourceLoader Added 1 libs to classloader, from paths: [/Users/copseatingdonuts/solr-9.5.0/lib]
2024-04-10 07:40:43.407 INFO  (main) [c: s: r: x: t:] o.a.s.u.t.SimplePropagator Always-on trace id generation enabled.
2024-04-10 07:40:44.026 WARN  (main) [c: s: r: x: t:] o.a.s.u.StartupLoggingUtils Jetty request logging enabled. Will retain logs for last 3 days. See chapter "Configuring Logging" in reference guide for how to configure.
2024-04-10 07:40:44.030 WARN  (main) [c: s: r: x: t:] o.a.s.c.CoreContainer Not all security plugins configured!  authentication=disabled authorization=disabled.  Solr is only as secure as you make it. Consider configuring authentication/authorization before exposing Solr to users internal or external.  See https://s.apache.org/solrsecurity for more info
2024-04-10 07:40:44.587 INFO  (main) [c: s: r: x: t:] o.a.s.c.CorePropertiesLocator Found 0 core definitions underneath /Users/copseatingdonuts/solr-9.5.0/example/techproducts/solr
2024-04-10 07:40:45.271 WARN  (main) [c: s: r: x: t:] o.g.j.m.i.MessagingBinders A class jakarta.activation.DataSource for a default provider MessageBodyWriter<jakarta.activation.DataSource> was not found. The provider is not available.
2024-04-10 07:40:45.871 INFO  (main) [c: s: r: x: t:] o.a.s.j.SolrRequestAuthorizer Creating a new SolrRequestAuthorizer
2024-04-10 07:40:46.212 INFO  (main) [c: s: r: x: t:] o.e.j.s.h.ContextHandler Started o.e.j.w.WebAppContext@4263b080{solr-jetty-context.xml,/solr,file:///Users/copseatingdonuts/solr-9.5.0/server/solr-webapp/webapp/,AVAILABLE}{/Users/copseatingdonuts/solr-9.5.0/server/solr-webapp/webapp}
2024-04-10 07:40:46.228 INFO  (main) [c: s: r: x: t:] o.e.j.s.RequestLogWriter Opened /Users/copseatingdonuts/solr-9.5.0/example/techproducts/logs/2024_04_10.request.log
2024-04-10 07:40:46.233 INFO  (main) [c: s: r: x: t:] o.e.j.s.AbstractConnector Started ServerConnector@435871cb{HTTP/1.1, (http/1.1, h2c)}{127.0.0.1:8983}
2024-04-10 07:40:46.237 INFO  (main) [c: s: r: x: t:] o.e.j.s.Server Started Server@165b2f7f{STARTING}[10.0.19,sto=0] @7995ms
2024-04-10 07:40:46.627 INFO  (qtp1677458155-20-localhost-1) [c: s: r: x: t:localhost-1] o.a.s.s.HttpSolrCall [admin] webapp=null path=/admin/info/system params={wt=javabin&version=2} status=0 QTime=82
2024-04-10 07:40:46.767 INFO  (qtp1677458155-21-localhost-2) [c: s: r: x:techproducts t:localhost-2] o.a.s.s.HttpSolrCall [admin] webapp=null path=/admin/cores params={core=techproducts&action=STATUS&indexInfo=true&wt=javabin&version=2} status=0 QTime=1
2024-04-10 07:40:46.801 INFO  (qtp1677458155-24-localhost-3) [c: s: r: x: t:localhost-3] o.a.s.s.HttpSolrCall [admin] webapp=null path=/admin/info/system params={wt=javabin&version=2} status=0 QTime=4
2024-04-10 07:40:46.825 INFO  (qtp1677458155-24-localhost-4) [c: s: r: x: t:localhost-4] o.a.s.s.HttpSolrCall [admin] webapp=null path=/admin/info/system params={wt=javabin&version=2} status=0 QTime=5
2024-04-10 07:40:46.846 INFO  (qtp1677458155-21-localhost-5) [c: s: r: x:techproducts t:localhost-5] o.a.s.s.HttpSolrCall [admin] webapp=null path=/admin/cores params={core=techproducts&action=STATUS&indexInfo=true&wt=javabin&version=2} status=0 QTime=0
2024-04-10 07:40:47.070 INFO  (qtp1677458155-23-localhost-6) [c: s: r: x:techproducts t:localhost-6] o.a.s.h.a.CoreAdminOperation core create command name=techproducts&action=CREATE&instanceDir=techproducts&wt=javabin&version=2
2024-04-10 07:40:47.128 INFO  (qtp1677458155-23-localhost-6) [c: s: r: x:techproducts t:localhost-6] o.a.s.c.SolrResourceLoader Added 91 libs to classloader, from paths: [/Users/copseatingdonuts/solr-9.5.0/modules/clustering/lib, /Users/copseatingdonuts/solr-9.5.0/modules/extraction/lib, /Users/copseatingdonuts/solr-9.5.0/modules/langid/lib, /Users/copseatingdonuts/solr-9.5.0/modules/ltr/lib, /Users/copseatingdonuts/solr-9.5.0/modules/scripting/lib]
2024-04-10 07:40:47.438 INFO  (qtp1677458155-23-localhost-6) [c: s: r: x:techproducts t:localhost-6] o.a.s.c.SolrConfig Using Lucene MatchVersion: 9.9.0
2024-04-10 07:40:47.448 INFO  (qtp1677458155-23-localhost-6) [c: s: r: x:techproducts t:localhost-6] o.a.s.u.SolrIndexConfig IndexWriter infoStream solr logging is enabled
2024-04-10 07:40:47.554 INFO  (qtp1677458155-23-localhost-6) [c: s: r: x:techproducts t:localhost-6] o.a.s.s.IndexSchema Schema name=example
2024-04-10 07:40:48.100 INFO  (qtp1677458155-23-localhost-6) [c: s: r: x:techproducts t:localhost-6] o.a.s.r.RestManager Registered ManagedResource impl org.apache.solr.rest.schema.analysis.ManagedWordSetResource for path /schema/analysis/stopwords/english
2024-04-10 07:40:48.108 INFO  (qtp1677458155-23-localhost-6) [c: s: r: x:techproducts t:localhost-6] o.a.s.r.RestManager Registered ManagedResource impl org.apache.solr.rest.schema.analysis.ManagedSynonymGraphFilterFactory$SynonymManager for path /schema/analysis/synonyms/english
2024-04-10 07:40:48.108 INFO  (qtp1677458155-23-localhost-6) [c: s: r: x:techproducts t:localhost-6] o.a.s.r.RestManager Added observer of type org.apache.solr.rest.schema.analysis.ManagedStopFilterFactory to existing ManagedResource /schema/analysis/stopwords/english
2024-04-10 07:40:48.108 INFO  (qtp1677458155-23-localhost-6) [c: s: r: x:techproducts t:localhost-6] o.a.s.r.RestManager Added observer of type org.apache.solr.rest.schema.analysis.ManagedSynonymGraphFilterFactory to existing ManagedResource /schema/analysis/synonyms/english
2024-04-10 07:40:48.129 INFO  (qtp1677458155-23-localhost-6) [c: s: r: x:techproducts t:localhost-6] o.a.s.s.IndexSchema Loaded schema example/1.6 with uniqueid field id
2024-04-10 07:40:48.203 INFO  (qtp1677458155-23-localhost-6) [c: s: r: x:techproducts t:localhost-6] o.a.s.c.CoreContainer Creating SolrCore 'techproducts' using configuration from instancedir /Users/copseatingdonuts/solr-9.5.0/example/techproducts/solr/techproducts, trusted=true
2024-04-10 07:40:48.257 INFO  (qtp1677458155-23-localhost-6) [c: s: r: x:techproducts t:localhost-6] o.a.s.c.SolrCore Opening new SolrCore at [/Users/copseatingdonuts/solr-9.5.0/example/techproducts/solr/techproducts], dataDir=[/Users/copseatingdonuts/solr-9.5.0/example/techproducts/solr/techproducts/data/]
2024-04-10 07:40:49.365 INFO  (qtp1677458155-23-localhost-6) [c: s: r: x:techproducts t:localhost-6] o.a.s.j.SolrRequestAuthorizer Creating a new SolrRequestAuthorizer
2024-04-10 07:40:49.397 INFO  (qtp1677458155-23-localhost-6) [c: s: r: x:techproducts t:localhost-6] o.a.s.u.UpdateHandler Using UpdateLog implementation: org.apache.solr.update.UpdateLog
2024-04-10 07:40:49.397 INFO  (qtp1677458155-23-localhost-6) [c: s: r: x:techproducts t:localhost-6] o.a.s.u.UpdateLog Initializing UpdateLog: dataDir= defaultSyncLevel=FLUSH numRecordsToKeep=100 maxNumLogsToKeep=10 numVersionBuckets=65536
2024-04-10 07:40:49.408 INFO  (qtp1677458155-23-localhost-6) [c: s: r: x:techproducts t:localhost-6] o.a.s.u.CommitTracker Hard AutoCommit: if uncommitted for 15000ms; 
2024-04-10 07:40:49.408 INFO  (qtp1677458155-23-localhost-6) [c: s: r: x:techproducts t:localhost-6] o.a.s.u.CommitTracker Soft AutoCommit: if uncommitted for 3000ms; 
2024-04-10 07:40:49.468 INFO  (qtp1677458155-23-localhost-6) [c: s: r: x:techproducts t:localhost-6] o.a.s.r.ManagedResourceStorage File-based storage initialized to use dir: /Users/copseatingdonuts/solr-9.5.0/example/techproducts/solr/techproducts/conf
2024-04-10 07:40:49.470 INFO  (qtp1677458155-23-localhost-6) [c: s: r: x:techproducts t:localhost-6] o.a.s.r.ManagedResourceStorage Loaded LinkedHashMap at path _rest_managed.json using file:dir=/Users/copseatingdonuts/solr-9.5.0/example/techproducts/solr/techproducts/conf
2024-04-10 07:40:49.471 INFO  (qtp1677458155-23-localhost-6) [c: s: r: x:techproducts t:localhost-6] o.a.s.r.ManagedResource Loaded initArgs {} for /rest/managed
2024-04-10 07:40:49.472 INFO  (qtp1677458155-23-localhost-6) [c: s: r: x:techproducts t:localhost-6] o.a.s.r.ManagedResourceStorage Loaded LinkedHashMap at path _schema_analysis_stopwords_english.json using file:dir=/Users/copseatingdonuts/solr-9.5.0/example/techproducts/solr/techproducts/conf
2024-04-10 07:40:49.472 INFO  (qtp1677458155-23-localhost-6) [c: s: r: x:techproducts t:localhost-6] o.a.s.r.ManagedResource Loaded initArgs {ignoreCase=true} for /schema/analysis/stopwords/english
2024-04-10 07:40:49.472 INFO  (qtp1677458155-23-localhost-6) [c: s: r: x:techproducts t:localhost-6] o.a.s.r.s.a.ManagedWordSetResource Loaded 35 words for /schema/analysis/stopwords/english
2024-04-10 07:40:49.472 INFO  (qtp1677458155-23-localhost-6) [c: s: r: x:techproducts t:localhost-6] o.a.s.r.ManagedResource Notified 2 observers of /schema/analysis/stopwords/english
2024-04-10 07:40:49.473 INFO  (qtp1677458155-23-localhost-6) [c: s: r: x:techproducts t:localhost-6] o.a.s.r.ManagedResourceStorage Loaded LinkedHashMap at path _schema_analysis_synonyms_english.json using file:dir=/Users/copseatingdonuts/solr-9.5.0/example/techproducts/solr/techproducts/conf
2024-04-10 07:40:49.473 INFO  (qtp1677458155-23-localhost-6) [c: s: r: x:techproducts t:localhost-6] o.a.s.r.ManagedResource Loaded initArgs {ignoreCase=true, format=solr} for /schema/analysis/synonyms/english
2024-04-10 07:40:49.474 INFO  (qtp1677458155-23-localhost-6) [c: s: r: x:techproducts t:localhost-6] o.a.s.r.s.a.ManagedSynonymGraphFilterFactory Loaded 3 synonym mappings for /schema/analysis/synonyms/english
2024-04-10 07:40:49.476 INFO  (qtp1677458155-23-localhost-6) [c: s: r: x:techproducts t:localhost-6] o.a.s.r.ManagedResource Notified 2 observers of /schema/analysis/synonyms/english
2024-04-10 07:40:49.500 INFO  (qtp1677458155-23-localhost-6) [c: s: r: x:techproducts t:localhost-6] o.a.s.s.DirectSolrSpellChecker init: {name=default, field=text, classname=solr.DirectSolrSpellChecker, distanceMeasure=internal, accuracy=0.5, maxQueryFrequency=0.01, maxEdits=2, minPrefix=1, maxInspections=5, minQueryLength=4}
2024-04-10 07:40:49.510 INFO  (qtp1677458155-23-localhost-6) [c: s: r: x:techproducts t:localhost-6] o.a.s.h.c.SuggestComponent Initializing SuggestComponent
2024-04-10 07:40:49.515 INFO  (qtp1677458155-23-localhost-6) [c: s: r: x:techproducts t:localhost-6] o.a.s.s.s.SolrSuggester init: {name=mySuggester, lookupImpl=FuzzyLookupFactory, dictionaryImpl=DocumentDictionaryFactory, field=cat, weightField=price, suggestAnalyzerFieldType=string, buildOnStartup=false}
2024-04-10 07:40:49.532 INFO  (qtp1677458155-23-localhost-6) [c: s: r: x:techproducts t:localhost-6] o.a.s.s.s.SolrSuggester Dictionary loaded with params: {name=mySuggester, lookupImpl=FuzzyLookupFactory, dictionaryImpl=DocumentDictionaryFactory, field=cat, weightField=price, suggestAnalyzerFieldType=string, buildOnStartup=false}
2024-04-10 07:40:49.547 INFO  (qtp1677458155-23-localhost-6) [c: s: r: x:techproducts t:localhost-6] o.a.s.h.ReplicationHandler Commits will be reserved for 10000 ms
2024-04-10 07:40:49.551 INFO  (qtp1677458155-23-localhost-6) [c: s: r: x: t:localhost-6] o.a.s.s.HttpSolrCall [admin] webapp=null path=/admin/cores params={name=techproducts&action=CREATE&instanceDir=techproducts&wt=javabin&version=2} status=0 QTime=2480
2024-04-10 07:40:49.657 INFO  (searcherExecutor-13-thread-1-processing-techproducts localhost-6) [c: s: r: x:techproducts t:localhost-6] o.a.s.c.S.Request webapp=null path=null params={q=static+firstSearcher+warming+in+solrconfig.xml&distrib=false&event=firstSearcher} hits=0 status=0 QTime=103
2024-04-10 07:40:49.658 INFO  (searcherExecutor-13-thread-1-processing-techproducts localhost-6) [c: s: r: x:techproducts t:localhost-6] o.a.s.c.QuerySenderListener QuerySenderListener done.
2024-04-10 07:40:49.658 INFO  (searcherExecutor-13-thread-1-processing-techproducts localhost-6) [c: s: r: x:techproducts t:localhost-6] o.a.s.h.c.SpellCheckComponent Loading spell index for spellchecker: default
2024-04-10 07:40:49.658 INFO  (searcherExecutor-13-thread-1-processing-techproducts localhost-6) [c: s: r: x:techproducts t:localhost-6] o.a.s.h.c.SpellCheckComponent Loading spell index for spellchecker: wordbreak
2024-04-10 07:40:49.671 INFO  (searcherExecutor-13-thread-1-processing-techproducts localhost-6) [c: s: r: x:techproducts t:localhost-6] o.a.s.c.SolrCore Registered new searcher autowarm time: 0 ms
2024-04-10 07:40:49.823 INFO  (qtp1677458155-24-localhost-7) [c: s: r: x:techproducts t:localhost-7] o.a.s.u.p.LogUpdateProcessorFactory webapp=/solr path=/update params={}{add=[TWINX2048-3200PRO (1795932657735958528), VS1GB400C3 (1795932657880662016), VDBDB1A16 (1795932657884856320)]} 0 221
2024-04-10 07:40:49.858 INFO  (qtp1677458155-21-localhost-8) [c: s: r: x:techproducts t:localhost-8] o.a.s.u.p.LogUpdateProcessorFactory webapp=/solr path=/update params={}{add=[MA147LL/A (1795932657906876416)]} 0 18
2024-04-10 07:40:49.879 INFO  (qtp1677458155-24-localhost-9) [c: s: r: x:techproducts t:localhost-9] o.a.s.u.p.LogUpdateProcessorFactory webapp=/solr path=/update params={}{add=[F8V7067-APL-KIT (1795932657937285120), IW-02 (1795932657943576576)]} 0 11
2024-04-10 07:40:49.897 INFO  (qtp1677458155-21-localhost-10) [c: s: r: x:techproducts t:localhost-10] o.a.s.u.p.LogUpdateProcessorFactory webapp=/solr path=/update params={}{add=[9885A004 (1795932657962450944)]} 0 4
2024-04-10 07:40:49.917 INFO  (qtp1677458155-24-localhost-11) [c: s: r: x:techproducts t:localhost-11] o.a.s.u.p.LogUpdateProcessorFactory webapp=/solr path=/update params={}{add=[VA902B (1795932657983422464)]} 0 4
2024-04-10 07:40:49.936 INFO  (qtp1677458155-21-localhost-12) [c: s: r: x:techproducts t:localhost-12] o.a.s.u.p.LogUpdateProcessorFactory webapp=/solr path=/update params={}{add=[EN7800GTX/2DHTV/256M (1795932657997053952), 100-435805 (1795932658002296832)]} 0 12
2024-04-10 07:40:49.949 INFO  (qtp1677458155-24-localhost-13) [c: s: r: x:techproducts t:localhost-13] o.a.s.u.p.LogUpdateProcessorFactory webapp=/solr path=/update params={}{add=[0579B002 (1795932658014879744)]} 0 5
2024-04-10 07:40:49.967 INFO  (qtp1677458155-21-localhost-14) [c: s: r: x:techproducts t:localhost-14] o.a.s.u.p.LogUpdateProcessorFactory webapp=/solr path=/update params={}{add=[3007WFP (1795932658033754112)]} 0 7
2024-04-10 07:40:49.995 INFO  (qtp1677458155-24-localhost-15) [c: s: r: x:techproducts t:localhost-15] o.a.s.u.p.LogUpdateProcessorFactory webapp=/solr path=/update params={}{add=[adata (1795932658050531328), apple (1795932658052628480), asus (1795932658053677056), ati (1795932658053677057), belkin (1795932658054725632), canon (1795932658055774208), corsair (1795932658061017088), dell (1795932658062065664), maxtor (1795932658063114240), samsung (1795932658066259968), ... (11 adds)]} 0 19
2024-04-10 07:40:50.015 INFO  (qtp1677458155-21-localhost-16) [c: s: r: x:techproducts t:localhost-16] o.a.s.u.p.LogUpdateProcessorFactory webapp=/solr path=/update params={}{add=[SP2514N (1795932658080940032), 6H500F0 (1795932658085134336)]} 0 10
2024-04-10 07:40:50.030 INFO  (qtp1677458155-24-localhost-17) [c: s: r: x:techproducts t:localhost-17] o.a.s.u.p.LogUpdateProcessorFactory webapp=/solr path=/update params={}{add=[USD (1795932658097717248), EUR (1795932658099814400), GBP (1795932658100862976), NOK (1795932658102960128)]} 0 8
2024-04-10 07:40:50.047 INFO  (qtp1677458155-21-localhost-18) [c: s: r: x:techproducts t:localhost-18] o.a.s.u.p.LogUpdateProcessorFactory webapp=/solr path=/update params={}{add=[UTF8TEST (1795932658117640192)]} 0 8
2024-04-10 07:40:50.078 INFO  (qtp1677458155-24-localhost-19) [c: s: r: x:techproducts t:localhost-19] o.a.s.u.p.LogUpdateProcessorFactory webapp=/solr path=/update params={}{add=[GB18030TEST (1795932658153291776)]} 0 23
2024-04-10 07:40:50.089 INFO  (qtp1677458155-21-localhost-20) [c: s: r: x:techproducts t:localhost-20] o.a.s.u.p.LogUpdateProcessorFactory webapp=/solr path=/update params={}{add=[SOLR1000 (1795932658163777536)]} 0 5
2024-04-10 07:40:50.446 INFO  (searcherExecutor-13-thread-1-processing-techproducts localhost-21) [c: s: r: x:techproducts t:localhost-21] o.a.s.c.QuerySenderListener QuerySenderListener done.
2024-04-10 07:40:50.485 INFO  (searcherExecutor-13-thread-1-processing-techproducts localhost-21) [c: s: r: x:techproducts t:localhost-21] o.a.s.c.SolrCore Registered new searcher autowarm time: 9 ms
2024-04-10 07:40:50.497 INFO  (qtp1677458155-24-localhost-21) [c: s: r: x:techproducts t:localhost-21] o.a.s.u.p.LogUpdateProcessorFactory webapp=/solr path=/update params={commit=true}{commit=} 0 400
2024-04-10 07:40:51.071 INFO  (qtp1677458155-19-localhost-23) [c: s: r: x: t:localhost-23] o.a.s.s.HttpSolrCall [admin] webapp=null path=/admin/cores params={indexInfo=false&wt=json&_=1712734850915} status=0 QTime=0
2024-04-10 07:40:51.108 INFO  (qtp1677458155-23-localhost-24) [c: s: r: x: t:localhost-24] o.a.s.s.HttpSolrCall [admin] webapp=null path=/admin/info/system params={wt=json&_=1712734850916} status=0 QTime=36
2024-04-10 07:40:51.126 INFO  (qtp1677458155-24-localhost-25) [c: s: r: x: t:localhost-25] o.a.s.s.HttpSolrCall [admin] webapp=null path=/admin/info/system params={wt=json&_=1712734850916} status=0 QTime=6
2024-04-10 07:40:55.080 INFO  (qtp1677458155-24-localhost-28) [c: s: r: x: t:localhost-28] o.a.s.s.HttpSolrCall [admin] webapp=null path=/admin/cores params={indexInfo=false&wt=json&_=1712734850915} status=0 QTime=0
2024-04-10 07:40:55.081 INFO  (qtp1677458155-23-localhost-27) [c: s: r: x:techproducts t:localhost-27] o.a.s.c.S.Request webapp=/solr path=/admin/luke params={numTerms=0&show=index&wt=json&_=1712734855032} status=0 QTime=5
2024-04-10 07:40:55.107 INFO  (qtp1677458155-19-localhost-26) [c: s: r: x: t:localhost-26] o.a.s.s.HttpSolrCall [admin] webapp=null path=/admin/info/system params={wt=json&_=1712734850916} status=0 QTime=31
2024-04-10 07:40:55.117 INFO  (qtp1677458155-24-localhost-29) [c: s: r: x:techproducts t:localhost-29] o.a.s.c.S.Request webapp=/solr path=/admin/ping params={action=status&wt=json&_=1712734850916&ts=1712734850916} status=503 QTime=6
2024-04-10 07:40:55.149 INFO  (qtp1677458155-22-localhost-30) [c: s: r: x:techproducts t:localhost-30] o.a.s.c.S.Request webapp=/solr path=/replication params={wt=json&command=details&_=1712734855032} status=0 QTime=37
2024-04-10 07:40:55.148 INFO  (qtp1677458155-25-localhost-31) [c: s: r: x:techproducts t:localhost-31] o.a.s.c.S.Request webapp=/solr path=/admin/system params={wt=json&_=1712734855032} status=0 QTime=16
2024-04-10 07:41:20.358 INFO  (qtp1677458155-21-localhost-34) [c: s: r: x: t:localhost-34] o.a.s.s.HttpSolrCall [admin] webapp=null path=/admin/cores params={indexInfo=false&wt=json&_=1712734880203} status=0 QTime=0
2024-04-10 07:41:20.396 INFO  (qtp1677458155-24-localhost-35) [c: s: r: x: t:localhost-35] o.a.s.s.HttpSolrCall [admin] webapp=null path=/admin/info/system params={wt=json&_=1712734880203} status=0 QTime=38
2024-04-10 07:41:20.407 INFO  (qtp1677458155-23-localhost-36) [c: s: r: x: t:localhost-36] o.a.s.s.HttpSolrCall [admin] webapp=null path=/admin/info/system params={wt=json&_=1712734880203} status=0 QTime=2
2024-04-10 07:41:54.783 INFO  (qtp1677458155-24-localhost-40) [c: s: r: x: t:localhost-40] o.a.s.s.HttpSolrCall [admin] webapp=null path=/admin/cores params={indexInfo=false&wt=json&_=1712734880203} status=0 QTime=0
2024-04-10 07:41:54.806 INFO  (qtp1677458155-21-localhost-39) [c: s: r: x: t:localhost-39] o.a.s.s.HttpSolrCall [admin] webapp=null path=/admin/cores params={wt=json&_=1712734880203} status=0 QTime=24
2024-04-10 07:41:54.809 INFO  (qtp1677458155-17-localhost-38) [c: s: r: x: t:localhost-38] o.a.s.s.HttpSolrCall [admin] webapp=null path=/admin/info/system params={wt=json&_=1712734880203} status=0 QTime=27
2024-04-10 07:41:54.886 INFO  (qtp1677458155-26-localhost-42) [c: s: r: x: t:localhost-42] o.a.s.s.HttpSolrCall [admin] webapp=null path=/admin/cores params={indexInfo=false&wt=json&_=1712734880203} status=0 QTime=0
2024-04-10 07:41:54.899 INFO  (qtp1677458155-23-localhost-41) [c: s: r: x: t:localhost-41] o.a.s.s.HttpSolrCall [admin] webapp=null path=/admin/cores params={wt=json&_=1712734880203} status=0 QTime=14
2024-04-10 07:41:54.902 INFO  (qtp1677458155-17-localhost-43) [c: s: r: x: t:localhost-43] o.a.s.s.HttpSolrCall [admin] webapp=null path=/admin/info/system params={wt=json&_=1712734880203} status=0 QTime=7
2024-04-10 08:00:12.360 INFO  (ShutdownMonitor) [c: s: r: x: t:] o.e.j.s.Server Stopped Server@165b2f7f{STOPPING}[10.0.19,sto=0]
2024-04-10 08:00:12.375 INFO  (ShutdownMonitor) [c: s: r: x: t:] o.e.j.s.AbstractConnector Stopped ServerConnector@435871cb{HTTP/1.1, (http/1.1, h2c)}{127.0.0.1:8983}
2024-04-10 08:00:12.415 INFO  (ShutdownMonitor) [c: s: r: x: t:] o.a.s.c.CoreContainer Shutting down CoreContainer instance=1943275118
2024-04-10 08:00:12.425 INFO  (coreCloseExecutor-19-thread-1) [c: s: r: x:techproducts t:] o.a.s.c.SolrCore CLOSING SolrCore org.apache.solr.core.SolrCore@50e9c41c techproducts
2024-04-10 08:00:12.429 INFO  (coreCloseExecutor-19-thread-1) [c: s: r: x:techproducts t:] o.a.s.m.SolrMetricManager Closing metric reporters for registry=solr.core.techproducts tag=SolrCore@50e9c41c
2024-04-10 08:00:12.510 INFO  (coreCloseExecutor-19-thread-1) [c: s: r: x:techproducts t:] o.a.s.u.DirectUpdateHandler2 Committing on IndexWriter.close()  ... SKIPPED (unnecessary).
2024-04-10 08:00:12.543 INFO  (ShutdownMonitor) [c: s: r: x: t:] o.a.s.m.SolrMetricManager Closing metric reporters for registry=solr.node tag=null
2024-04-10 08:00:12.559 INFO  (ShutdownMonitor) [c: s: r: x: t:] o.a.s.m.SolrMetricManager Closing metric reporters for registry=solr.jvm tag=null
2024-04-10 08:00:12.568 INFO  (ShutdownMonitor) [c: s: r: x: t:] o.a.s.m.SolrMetricManager Closing metric reporters for registry=solr.jetty tag=null
2024-04-10 08:00:12.589 INFO  (ShutdownMonitor) [c: s: r: x: t:] o.e.j.s.h.ContextHandler Stopped o.e.j.w.WebAppContext@4263b080{solr-jetty-context.xml,/solr,file:///Users/copseatingdonuts/solr-9.5.0/server/solr-webapp/webapp/,STOPPED}{/Users/copseatingdonuts/solr-9.5.0/server/solr-webapp/webapp}
